{"message":"Data-Base has connected","level":"info"}
{"message":"DB connection error: failed to connect to server [localhost:27017] on first connect [MongoNetworkError: connect ECONNREFUSED 127.0.0.1:27017]","level":"error"}
{"message":"Data-Base has connected","level":"info"}
{"message":"uncaughtException: DB connection error => failed to connect to server [localhost:27017] on first connect [MongoNetworkError: connect ECONNREFUSED 127.0.0.1:27017]","level":"error"}
{"message":"Data-Base has connected","level":"info"}
{"message":"uncaughtException: DB connection error => failed to connect to server [localhost:27017] on first connect [MongoNetworkError: connect ECONNREFUSED 127.0.0.1:27017]","level":"error"}
{"message":"Data-Base has connected","level":"info"}
{"message":"uncaughtException: DB connection error => failed to connect to server [localhost:27017] on first connect [MongoNetworkError: connect ECONNREFUSED 127.0.0.1:27017]","level":"error"}
{"message":"Data-Base has connected","level":"info"}
{"message":"uncaughtException: DB connection error => failed to connect to server [localhost:27017] on first connect [MongoNetworkError: connect ECONNREFUSED 127.0.0.1:27017]","level":"error"}
{"message":"Data-Base has connected","level":"info"}
{"message":"Data-Base has connected","level":"info"}
{"message":"uncaughtException: DB connection error => failed to connect to server [localhost:27017] on first connect [MongoNetworkError: connect ECONNREFUSED 127.0.0.1:27017]","level":"error"}
{"message":"Data-Base has connected","level":"info"}
{"message":"Data-Base has connected","level":"info"}
{"message":"uncaughtException: DB connection error => failed to connect to server [localhost:27017] on first connect [MongoNetworkError: connect ECONNREFUSED 127.0.0.1:27017]","level":"error"}
{"message":"Data-Base has connected","level":"info"}
{"message":"uncaughtException: DB connection error => failed to connect to server [localhost:27017] on first connect [MongoNetworkError: connect ECONNREFUSED 127.0.0.1:27017]","level":"error"}
{"message":"Data-Base has connected","level":"info"}
{"message":"Data-Base has connected","level":"info"}
{"message":"Data-Base has connected","level":"info"}
{"message":"uncaughtException: DB connection error => failed to connect to server [localhost:27017] on first connect [MongoNetworkError: connect ECONNREFUSED 127.0.0.1:27017]","level":"error"}
{"message":"Data-Base has connected","level":"info"}
{"message":"Data-Base has connected","level":"info"}
{"message":"Data-Base has connected","level":"info"}
{"message":"Data-Base has connected","level":"info"}
{"message":"Data-Base has connected","level":"info"}
{"message":"Data-Base has connected","level":"info"}
{"message":"Data-Base has connected","level":"info"}
{"message":"Data-Base has connected","level":"info"}
{"message":"Data-Base has connected","level":"info"}
{"message":"Data-Base has connected","level":"info"}
{"message":"Data-Base has connected","level":"info"}
{"message":"Data-Base has connected","level":"info"}
{"message":"Data-Base has connected","level":"info"}
{"message":"Data-Base has connected","level":"info"}
{"message":"Data-Base has connected","level":"info"}
{"message":"Data-Base has connected","level":"info"}
{"message":"Data-Base has connected","level":"info"}
{"message":"Data-Base has connected","level":"info"}
{"error":{},"level":"error","message":"uncaughtException: Cannot read property 'handle' of undefined\nTypeError: Cannot read property 'handle' of undefined\n    at process.on.err (/Users/client/Downloads/RTYab/kickoff/logger/logger.js:10:30)\n    at process.emit (events.js:182:13)\n    at emitPromiseRejectionWarnings (internal/process/promises.js:119:20)\n    at process._tickCallback (internal/process/next_tick.js:69:34)","stack":"TypeError: Cannot read property 'handle' of undefined\n    at process.on.err (/Users/client/Downloads/RTYab/kickoff/logger/logger.js:10:30)\n    at process.emit (events.js:182:13)\n    at emitPromiseRejectionWarnings (internal/process/promises.js:119:20)\n    at process._tickCallback (internal/process/next_tick.js:69:34)","exception":true,"date":"Thu Jul 11 2019 20:47:16 GMT+0430 (Iran Daylight Time)","process":{"pid":5841,"uid":501,"gid":20,"cwd":"/Users/client/Downloads/RTYab","execPath":"/usr/local/bin/node","version":"v10.14.1","argv":["/usr/local/bin/node","/Users/client/Downloads/RTYab/app.js"],"memoryUsage":{"rss":61296640,"heapTotal":60592128,"heapUsed":24646384,"external":18377923}},"os":{"loadavg":[2.74755859375,2.34912109375,2.19873046875],"uptime":7925},"trace":[{"column":30,"file":"/Users/client/Downloads/RTYab/kickoff/logger/logger.js","function":"process.on.err","line":10,"method":"err","native":false},{"column":13,"file":"events.js","function":"process.emit","line":182,"method":"emit","native":false},{"column":20,"file":"internal/process/promises.js","function":"emitPromiseRejectionWarnings","line":119,"method":null,"native":false},{"column":34,"file":"internal/process/next_tick.js","function":"process._tickCallback","line":69,"method":"_tickCallback","native":false}]}
{"message":"Data-Base has connected","level":"info"}
{"error":{},"level":"error","message":"uncaughtException: Cannot read property 'handle' of undefined\nTypeError: Cannot read property 'handle' of undefined\n    at process.on.err (/Users/client/Downloads/RTYab/kickoff/logger/logger.js:10:30)\n    at process.emit (events.js:182:13)\n    at emitPromiseRejectionWarnings (internal/process/promises.js:119:20)\n    at process._tickCallback (internal/process/next_tick.js:69:34)","stack":"TypeError: Cannot read property 'handle' of undefined\n    at process.on.err (/Users/client/Downloads/RTYab/kickoff/logger/logger.js:10:30)\n    at process.emit (events.js:182:13)\n    at emitPromiseRejectionWarnings (internal/process/promises.js:119:20)\n    at process._tickCallback (internal/process/next_tick.js:69:34)","exception":true,"date":"Thu Jul 11 2019 20:48:13 GMT+0430 (Iran Daylight Time)","process":{"pid":5858,"uid":501,"gid":20,"cwd":"/Users/client/Downloads/RTYab","execPath":"/usr/local/bin/node","version":"v10.14.1","argv":["/usr/local/bin/node","/Users/client/Downloads/RTYab/app.js"],"memoryUsage":{"rss":62836736,"heapTotal":61116416,"heapUsed":24658392,"external":18366989}},"os":{"loadavg":[2.0361328125,2.19921875,2.15087890625],"uptime":7982},"trace":[{"column":30,"file":"/Users/client/Downloads/RTYab/kickoff/logger/logger.js","function":"process.on.err","line":10,"method":"err","native":false},{"column":13,"file":"events.js","function":"process.emit","line":182,"method":"emit","native":false},{"column":20,"file":"internal/process/promises.js","function":"emitPromiseRejectionWarnings","line":119,"method":null,"native":false},{"column":34,"file":"internal/process/next_tick.js","function":"process._tickCallback","line":69,"method":"_tickCallback","native":false}]}
{"message":"Data-Base has connected","level":"info"}
{"error":{},"level":"error","message":"uncaughtException: Cannot read property 'handle' of undefined\nTypeError: Cannot read property 'handle' of undefined\n    at process.on.err (/Users/client/Downloads/RTYab/kickoff/logger/logger.js:10:30)\n    at process.emit (events.js:182:13)\n    at emitPromiseRejectionWarnings (internal/process/promises.js:119:20)\n    at process._tickCallback (internal/process/next_tick.js:69:34)","stack":"TypeError: Cannot read property 'handle' of undefined\n    at process.on.err (/Users/client/Downloads/RTYab/kickoff/logger/logger.js:10:30)\n    at process.emit (events.js:182:13)\n    at emitPromiseRejectionWarnings (internal/process/promises.js:119:20)\n    at process._tickCallback (internal/process/next_tick.js:69:34)","exception":true,"date":"Thu Jul 11 2019 20:48:31 GMT+0430 (Iran Daylight Time)","process":{"pid":5866,"uid":501,"gid":20,"cwd":"/Users/client/Downloads/RTYab","execPath":"/usr/local/bin/node","version":"v10.14.1","argv":["/usr/local/bin/node","/Users/client/Downloads/RTYab/app.js"],"memoryUsage":{"rss":61444096,"heapTotal":60592128,"heapUsed":24601208,"external":18366989}},"os":{"loadavg":[2.24853515625,2.23779296875,2.16552734375],"uptime":8000},"trace":[{"column":30,"file":"/Users/client/Downloads/RTYab/kickoff/logger/logger.js","function":"process.on.err","line":10,"method":"err","native":false},{"column":13,"file":"events.js","function":"process.emit","line":182,"method":"emit","native":false},{"column":20,"file":"internal/process/promises.js","function":"emitPromiseRejectionWarnings","line":119,"method":null,"native":false},{"column":34,"file":"internal/process/next_tick.js","function":"process._tickCallback","line":69,"method":"_tickCallback","native":false}]}
{"message":"Data-Base has connected","level":"info"}
{"error":{},"level":"error","message":"uncaughtException: Cannot read property 'handle' of undefined\nTypeError: Cannot read property 'handle' of undefined\n    at process.on.err (/Users/client/Downloads/RTYab/kickoff/logger/logger.js:10:30)\n    at process.emit (events.js:182:13)\n    at emitPromiseRejectionWarnings (internal/process/promises.js:119:20)\n    at process._tickCallback (internal/process/next_tick.js:69:34)","stack":"TypeError: Cannot read property 'handle' of undefined\n    at process.on.err (/Users/client/Downloads/RTYab/kickoff/logger/logger.js:10:30)\n    at process.emit (events.js:182:13)\n    at emitPromiseRejectionWarnings (internal/process/promises.js:119:20)\n    at process._tickCallback (internal/process/next_tick.js:69:34)","exception":true,"date":"Thu Jul 11 2019 20:48:57 GMT+0430 (Iran Daylight Time)","process":{"pid":5874,"uid":501,"gid":20,"cwd":"/Users/client/Downloads/RTYab","execPath":"/usr/local/bin/node","version":"v10.14.1","argv":["/usr/local/bin/node","/Users/client/Downloads/RTYab/app.js"],"memoryUsage":{"rss":62513152,"heapTotal":60592128,"heapUsed":24652552,"external":18377629}},"os":{"loadavg":[2.01416015625,2.18505859375,2.14892578125],"uptime":8026},"trace":[{"column":30,"file":"/Users/client/Downloads/RTYab/kickoff/logger/logger.js","function":"process.on.err","line":10,"method":"err","native":false},{"column":13,"file":"events.js","function":"process.emit","line":182,"method":"emit","native":false},{"column":20,"file":"internal/process/promises.js","function":"emitPromiseRejectionWarnings","line":119,"method":null,"native":false},{"column":34,"file":"internal/process/next_tick.js","function":"process._tickCallback","line":69,"method":"_tickCallback","native":false}]}
{"error":{},"level":"error","message":"uncaughtException: Cannot read property 'use' of undefined\nTypeError: Cannot read property 'use' of undefined\n    at module.exports.app (/Users/client/Downloads/RTYab/kickoff/errorHandling/error.js:3:7)\n    at Object.<anonymous> (/Users/client/Downloads/RTYab/app.js:7:41)\n    at Module._compile (internal/modules/cjs/loader.js:688:30)\n    at Object.Module._extensions..js (internal/modules/cjs/loader.js:699:10)\n    at Module.load (internal/modules/cjs/loader.js:598:32)\n    at tryModuleLoad (internal/modules/cjs/loader.js:537:12)\n    at Function.Module._load (internal/modules/cjs/loader.js:529:3)\n    at Function.Module.runMain (internal/modules/cjs/loader.js:741:12)\n    at startup (internal/bootstrap/node.js:285:19)\n    at bootstrapNodeJSCore (internal/bootstrap/node.js:739:3)","stack":"TypeError: Cannot read property 'use' of undefined\n    at module.exports.app (/Users/client/Downloads/RTYab/kickoff/errorHandling/error.js:3:7)\n    at Object.<anonymous> (/Users/client/Downloads/RTYab/app.js:7:41)\n    at Module._compile (internal/modules/cjs/loader.js:688:30)\n    at Object.Module._extensions..js (internal/modules/cjs/loader.js:699:10)\n    at Module.load (internal/modules/cjs/loader.js:598:32)\n    at tryModuleLoad (internal/modules/cjs/loader.js:537:12)\n    at Function.Module._load (internal/modules/cjs/loader.js:529:3)\n    at Function.Module.runMain (internal/modules/cjs/loader.js:741:12)\n    at startup (internal/bootstrap/node.js:285:19)\n    at bootstrapNodeJSCore (internal/bootstrap/node.js:739:3)","exception":true,"date":"Thu Jul 11 2019 20:49:26 GMT+0430 (Iran Daylight Time)","process":{"pid":5887,"uid":501,"gid":20,"cwd":"/Users/client/Downloads/RTYab","execPath":"/usr/local/bin/node","version":"v10.14.1","argv":["/usr/local/bin/node","/Users/client/Downloads/RTYab/app.js"],"memoryUsage":{"rss":62939136,"heapTotal":60633088,"heapUsed":30285336,"external":19274005}},"os":{"loadavg":[2.06591796875,2.181640625,2.14892578125],"uptime":8055},"trace":[{"column":7,"file":"/Users/client/Downloads/RTYab/kickoff/errorHandling/error.js","function":"module.exports.app","line":3,"method":"app","native":false},{"column":41,"file":"/Users/client/Downloads/RTYab/app.js","function":null,"line":7,"method":null,"native":false},{"column":30,"file":"internal/modules/cjs/loader.js","function":"Module._compile","line":688,"method":"_compile","native":false},{"column":10,"file":"internal/modules/cjs/loader.js","function":"Module._extensions..js","line":699,"method":".js","native":false},{"column":32,"file":"internal/modules/cjs/loader.js","function":"Module.load","line":598,"method":"load","native":false},{"column":12,"file":"internal/modules/cjs/loader.js","function":"tryModuleLoad","line":537,"method":null,"native":false},{"column":3,"file":"internal/modules/cjs/loader.js","function":"Module._load","line":529,"method":"_load","native":false},{"column":12,"file":"internal/modules/cjs/loader.js","function":"Module.runMain","line":741,"method":"runMain","native":false},{"column":19,"file":"internal/bootstrap/node.js","function":"startup","line":285,"method":null,"native":false},{"column":3,"file":"internal/bootstrap/node.js","function":"bootstrapNodeJSCore","line":739,"method":null,"native":false}]}
{"message":"Data-Base has connected","level":"info"}
{"message":"Data-Base has connected","level":"info"}
{"error":{},"level":"error","message":"uncaughtException: Cannot read property 'handle' of undefined\nTypeError: Cannot read property 'handle' of undefined\n    at process.on.err (/Users/client/Downloads/RTYab/kickoff/logger/logger.js:10:30)\n    at process.emit (events.js:182:13)\n    at emitPromiseRejectionWarnings (internal/process/promises.js:119:20)\n    at process._tickCallback (internal/process/next_tick.js:69:34)","stack":"TypeError: Cannot read property 'handle' of undefined\n    at process.on.err (/Users/client/Downloads/RTYab/kickoff/logger/logger.js:10:30)\n    at process.emit (events.js:182:13)\n    at emitPromiseRejectionWarnings (internal/process/promises.js:119:20)\n    at process._tickCallback (internal/process/next_tick.js:69:34)","exception":true,"date":"Thu Jul 11 2019 20:50:44 GMT+0430 (Iran Daylight Time)","process":{"pid":5911,"uid":501,"gid":20,"cwd":"/Users/client/Downloads/RTYab","execPath":"/usr/local/bin/node","version":"v10.14.1","argv":["/usr/local/bin/node","/Users/client/Downloads/RTYab/app.js"],"memoryUsage":{"rss":48857088,"heapTotal":30183424,"heapUsed":24261304,"external":18263693}},"os":{"loadavg":[2.220703125,2.22021484375,2.1650390625],"uptime":8133},"trace":[{"column":30,"file":"/Users/client/Downloads/RTYab/kickoff/logger/logger.js","function":"process.on.err","line":10,"method":"err","native":false},{"column":13,"file":"events.js","function":"process.emit","line":182,"method":"emit","native":false},{"column":20,"file":"internal/process/promises.js","function":"emitPromiseRejectionWarnings","line":119,"method":null,"native":false},{"column":34,"file":"internal/process/next_tick.js","function":"process._tickCallback","line":69,"method":"_tickCallback","native":false}]}
{"message":"Data-Base has connected","level":"info"}
{"message":"Data-Base has connected","level":"info"}
{"message":"Data-Base has connected","level":"info"}
{"message":"Data-Base has connected","level":"info"}
{"message":"Data-Base has connected","level":"info"}
{"message":"Data-Base has connected","level":"info"}
{"error":{},"level":"error","message":"uncaughtException: Cannot read property 'isActive' of undefined\nTypeError: Cannot read property 'isActive' of undefined\n    at User.findOne (/Users/client/Downloads/RTYab/controllers/auth.js:23:14)\n    at /Users/client/Downloads/RTYab/node_modules/mongoose/lib/model.js:4646:16\n    at Immediate.Query.base.findOne.call (/Users/client/Downloads/RTYab/node_modules/mongoose/lib/query.js:1976:7)\n    at Immediate.<anonymous> (/Users/client/Downloads/RTYab/node_modules/mquery/lib/utils.js:116:16)\n    at runCallback (timers.js:705:18)\n    at tryOnImmediate (timers.js:676:5)\n    at processImmediate (timers.js:658:5)","stack":"TypeError: Cannot read property 'isActive' of undefined\n    at User.findOne (/Users/client/Downloads/RTYab/controllers/auth.js:23:14)\n    at /Users/client/Downloads/RTYab/node_modules/mongoose/lib/model.js:4646:16\n    at Immediate.Query.base.findOne.call (/Users/client/Downloads/RTYab/node_modules/mongoose/lib/query.js:1976:7)\n    at Immediate.<anonymous> (/Users/client/Downloads/RTYab/node_modules/mquery/lib/utils.js:116:16)\n    at runCallback (timers.js:705:18)\n    at tryOnImmediate (timers.js:676:5)\n    at processImmediate (timers.js:658:5)","exception":true,"date":"Fri Jul 12 2019 18:50:34 GMT+0430 (Iran Daylight Time)","process":{"pid":2423,"uid":501,"gid":20,"cwd":"/Users/client/Downloads/RTYab","execPath":"/usr/local/bin/node","version":"v10.14.1","argv":["/usr/local/bin/node","/Users/client/Downloads/RTYab/app.js"],"memoryUsage":{"rss":49213440,"heapTotal":29659136,"heapUsed":24571360,"external":18266552}},"os":{"loadavg":[1.72314453125,1.89990234375,1.9130859375],"uptime":3105},"trace":[{"column":14,"file":"/Users/client/Downloads/RTYab/controllers/auth.js","function":"User.findOne","line":23,"method":"findOne","native":false},{"column":16,"file":"/Users/client/Downloads/RTYab/node_modules/mongoose/lib/model.js","function":null,"line":4646,"method":null,"native":false},{"column":7,"file":"/Users/client/Downloads/RTYab/node_modules/mongoose/lib/query.js","function":"Immediate.Query.base.findOne.call","line":1976,"method":"call","native":false},{"column":16,"file":"/Users/client/Downloads/RTYab/node_modules/mquery/lib/utils.js","function":null,"line":116,"method":null,"native":false},{"column":18,"file":"timers.js","function":"runCallback","line":705,"method":null,"native":false},{"column":5,"file":"timers.js","function":"tryOnImmediate","line":676,"method":null,"native":false},{"column":5,"file":"timers.js","function":"processImmediate","line":658,"method":null,"native":false}]}
{"message":"Data-Base has connected","level":"info"}
{"message":"uncaughtException: DB connection error => failed to connect to server [localhost:27017] on first connect [MongoNetworkError: connect ECONNREFUSED 127.0.0.1:27017]","level":"error"}
{"message":"Data-Base has connected","level":"info"}
{"error":{},"level":"error","message":"uncaughtException: Cannot read property 'handle' of undefined\nTypeError: Cannot read property 'handle' of undefined\n    at process.on.err (/Users/client/Downloads/RTYab/kickoff/logger/logger.js:10:30)\n    at process.emit (events.js:182:13)\n    at emitPromiseRejectionWarnings (internal/process/promises.js:119:20)\n    at process._tickCallback (internal/process/next_tick.js:69:34)","stack":"TypeError: Cannot read property 'handle' of undefined\n    at process.on.err (/Users/client/Downloads/RTYab/kickoff/logger/logger.js:10:30)\n    at process.emit (events.js:182:13)\n    at emitPromiseRejectionWarnings (internal/process/promises.js:119:20)\n    at process._tickCallback (internal/process/next_tick.js:69:34)","exception":true,"date":"Fri Jul 12 2019 18:59:09 GMT+0430 (Iran Daylight Time)","process":{"pid":2525,"uid":501,"gid":20,"cwd":"/Users/client/Downloads/RTYab","execPath":"/usr/local/bin/node","version":"v10.14.1","argv":["/usr/local/bin/node","/Users/client/Downloads/RTYab/app.js"],"memoryUsage":{"rss":49123328,"heapTotal":30707712,"heapUsed":25168056,"external":18276949}},"os":{"loadavg":[1.4013671875,1.60009765625,1.74609375],"uptime":3620},"trace":[{"column":30,"file":"/Users/client/Downloads/RTYab/kickoff/logger/logger.js","function":"process.on.err","line":10,"method":"err","native":false},{"column":13,"file":"events.js","function":"process.emit","line":182,"method":"emit","native":false},{"column":20,"file":"internal/process/promises.js","function":"emitPromiseRejectionWarnings","line":119,"method":null,"native":false},{"column":34,"file":"internal/process/next_tick.js","function":"process._tickCallback","line":69,"method":"_tickCallback","native":false}]}
{"message":"Data-Base has connected","level":"info"}
{"error":{},"level":"error","message":"uncaughtException: Cannot read property 'handle' of undefined\nTypeError: Cannot read property 'handle' of undefined\n    at process.on.err (/Users/client/Downloads/RTYab/kickoff/logger/logger.js:10:30)\n    at process.emit (events.js:182:13)\n    at emitPromiseRejectionWarnings (internal/process/promises.js:119:20)\n    at process._tickCallback (internal/process/next_tick.js:69:34)","stack":"TypeError: Cannot read property 'handle' of undefined\n    at process.on.err (/Users/client/Downloads/RTYab/kickoff/logger/logger.js:10:30)\n    at process.emit (events.js:182:13)\n    at emitPromiseRejectionWarnings (internal/process/promises.js:119:20)\n    at process._tickCallback (internal/process/next_tick.js:69:34)","exception":true,"date":"Fri Jul 12 2019 19:01:53 GMT+0430 (Iran Daylight Time)","process":{"pid":2648,"uid":501,"gid":20,"cwd":"/Users/client/Downloads/RTYab","execPath":"/usr/local/bin/node","version":"v10.14.1","argv":["/usr/local/bin/node","/Users/client/Downloads/RTYab/app.js"],"memoryUsage":{"rss":47562752,"heapTotal":29659136,"heapUsed":23906296,"external":18349770}},"os":{"loadavg":[1.62841796875,1.60693359375,1.72265625],"uptime":3784},"trace":[{"column":30,"file":"/Users/client/Downloads/RTYab/kickoff/logger/logger.js","function":"process.on.err","line":10,"method":"err","native":false},{"column":13,"file":"events.js","function":"process.emit","line":182,"method":"emit","native":false},{"column":20,"file":"internal/process/promises.js","function":"emitPromiseRejectionWarnings","line":119,"method":null,"native":false},{"column":34,"file":"internal/process/next_tick.js","function":"process._tickCallback","line":69,"method":"_tickCallback","native":false}]}
{"message":"Data-Base has connected","level":"info"}
{"error":{},"level":"error","message":"uncaughtException: Cannot read property 'handle' of undefined\nTypeError: Cannot read property 'handle' of undefined\n    at process.on.err (/Users/client/Downloads/RTYab/kickoff/logger/logger.js:10:30)\n    at process.emit (events.js:182:13)\n    at emitPromiseRejectionWarnings (internal/process/promises.js:119:20)\n    at process._tickCallback (internal/process/next_tick.js:69:34)","stack":"TypeError: Cannot read property 'handle' of undefined\n    at process.on.err (/Users/client/Downloads/RTYab/kickoff/logger/logger.js:10:30)\n    at process.emit (events.js:182:13)\n    at emitPromiseRejectionWarnings (internal/process/promises.js:119:20)\n    at process._tickCallback (internal/process/next_tick.js:69:34)","exception":true,"date":"Fri Jul 12 2019 19:02:19 GMT+0430 (Iran Daylight Time)","process":{"pid":2660,"uid":501,"gid":20,"cwd":"/Users/client/Downloads/RTYab","execPath":"/usr/local/bin/node","version":"v10.14.1","argv":["/usr/local/bin/node","/Users/client/Downloads/RTYab/app.js"],"memoryUsage":{"rss":62533632,"heapTotal":61116416,"heapUsed":24616200,"external":18366989}},"os":{"loadavg":[1.748046875,1.63720703125,1.72998046875],"uptime":3810},"trace":[{"column":30,"file":"/Users/client/Downloads/RTYab/kickoff/logger/logger.js","function":"process.on.err","line":10,"method":"err","native":false},{"column":13,"file":"events.js","function":"process.emit","line":182,"method":"emit","native":false},{"column":20,"file":"internal/process/promises.js","function":"emitPromiseRejectionWarnings","line":119,"method":null,"native":false},{"column":34,"file":"internal/process/next_tick.js","function":"process._tickCallback","line":69,"method":"_tickCallback","native":false}]}
{"message":"Data-Base has connected","level":"info"}
{"error":{},"level":"error","message":"uncaughtException: Cannot read property 'handle' of undefined\nTypeError: Cannot read property 'handle' of undefined\n    at process.on.err (/Users/client/Downloads/RTYab/kickoff/logger/logger.js:10:30)\n    at process.emit (events.js:182:13)\n    at emitPromiseRejectionWarnings (internal/process/promises.js:119:20)\n    at process._tickCallback (internal/process/next_tick.js:69:34)","stack":"TypeError: Cannot read property 'handle' of undefined\n    at process.on.err (/Users/client/Downloads/RTYab/kickoff/logger/logger.js:10:30)\n    at process.emit (events.js:182:13)\n    at emitPromiseRejectionWarnings (internal/process/promises.js:119:20)\n    at process._tickCallback (internal/process/next_tick.js:69:34)","exception":true,"date":"Fri Jul 12 2019 19:02:52 GMT+0430 (Iran Daylight Time)","process":{"pid":2670,"uid":501,"gid":20,"cwd":"/Users/client/Downloads/RTYab","execPath":"/usr/local/bin/node","version":"v10.14.1","argv":["/usr/local/bin/node","/Users/client/Downloads/RTYab/app.js"],"memoryUsage":{"rss":62758912,"heapTotal":61116416,"heapUsed":24610400,"external":18366989}},"os":{"loadavg":[2.32763671875,1.7880859375,1.7802734375],"uptime":3843},"trace":[{"column":30,"file":"/Users/client/Downloads/RTYab/kickoff/logger/logger.js","function":"process.on.err","line":10,"method":"err","native":false},{"column":13,"file":"events.js","function":"process.emit","line":182,"method":"emit","native":false},{"column":20,"file":"internal/process/promises.js","function":"emitPromiseRejectionWarnings","line":119,"method":null,"native":false},{"column":34,"file":"internal/process/next_tick.js","function":"process._tickCallback","line":69,"method":"_tickCallback","native":false}]}
{"error":{},"level":"error","message":"uncaughtException: Unexpected token ;\n/Users/client/Downloads/RTYab/kickoff/logger/logger.js:12\n};\n ^\n\nSyntaxError: Unexpected token ;\n    at new Script (vm.js:79:7)\n    at createScript (vm.js:251:10)\n    at Object.runInThisContext (vm.js:303:10)\n    at Module._compile (internal/modules/cjs/loader.js:656:28)\n    at Object.Module._extensions..js (internal/modules/cjs/loader.js:699:10)\n    at Module.load (internal/modules/cjs/loader.js:598:32)\n    at tryModuleLoad (internal/modules/cjs/loader.js:537:12)\n    at Function.Module._load (internal/modules/cjs/loader.js:529:3)\n    at Module.require (internal/modules/cjs/loader.js:636:17)\n    at require (internal/modules/cjs/helpers.js:20:18)\n    at Object.<anonymous> (/Users/client/Downloads/RTYab/app.js:8:1)\n    at Module._compile (internal/modules/cjs/loader.js:688:30)\n    at Object.Module._extensions..js (internal/modules/cjs/loader.js:699:10)\n    at Module.load (internal/modules/cjs/loader.js:598:32)\n    at tryModuleLoad (internal/modules/cjs/loader.js:537:12)\n    at Function.Module._load (internal/modules/cjs/loader.js:529:3)","stack":"/Users/client/Downloads/RTYab/kickoff/logger/logger.js:12\n};\n ^\n\nSyntaxError: Unexpected token ;\n    at new Script (vm.js:79:7)\n    at createScript (vm.js:251:10)\n    at Object.runInThisContext (vm.js:303:10)\n    at Module._compile (internal/modules/cjs/loader.js:656:28)\n    at Object.Module._extensions..js (internal/modules/cjs/loader.js:699:10)\n    at Module.load (internal/modules/cjs/loader.js:598:32)\n    at tryModuleLoad (internal/modules/cjs/loader.js:537:12)\n    at Function.Module._load (internal/modules/cjs/loader.js:529:3)\n    at Module.require (internal/modules/cjs/loader.js:636:17)\n    at require (internal/modules/cjs/helpers.js:20:18)\n    at Object.<anonymous> (/Users/client/Downloads/RTYab/app.js:8:1)\n    at Module._compile (internal/modules/cjs/loader.js:688:30)\n    at Object.Module._extensions..js (internal/modules/cjs/loader.js:699:10)\n    at Module.load (internal/modules/cjs/loader.js:598:32)\n    at tryModuleLoad (internal/modules/cjs/loader.js:537:12)\n    at Function.Module._load (internal/modules/cjs/loader.js:529:3)","exception":true,"date":"Fri Jul 12 2019 19:06:43 GMT+0430 (Iran Daylight Time)","process":{"pid":2765,"uid":501,"gid":20,"cwd":"/Users/client/Downloads/RTYab","execPath":"/usr/local/bin/node","version":"v10.14.1","argv":["/usr/local/bin/node","/Users/client/Downloads/RTYab/app.js"],"memoryUsage":{"rss":62959616,"heapTotal":43331584,"heapUsed":30374552,"external":19274086}},"os":{"loadavg":[2.70263671875,2.10693359375,1.90087890625],"uptime":4074},"trace":[{"column":7,"file":"vm.js","function":"new Script","line":79,"method":null,"native":false},{"column":10,"file":"vm.js","function":"createScript","line":251,"method":null,"native":false},{"column":10,"file":"vm.js","function":"Object.runInThisContext","line":303,"method":"runInThisContext","native":false},{"column":28,"file":"internal/modules/cjs/loader.js","function":"Module._compile","line":656,"method":"_compile","native":false},{"column":10,"file":"internal/modules/cjs/loader.js","function":"Module._extensions..js","line":699,"method":".js","native":false},{"column":32,"file":"internal/modules/cjs/loader.js","function":"Module.load","line":598,"method":"load","native":false},{"column":12,"file":"internal/modules/cjs/loader.js","function":"tryModuleLoad","line":537,"method":null,"native":false},{"column":3,"file":"internal/modules/cjs/loader.js","function":"Module._load","line":529,"method":"_load","native":false},{"column":17,"file":"internal/modules/cjs/loader.js","function":"Module.require","line":636,"method":"require","native":false},{"column":18,"file":"internal/modules/cjs/helpers.js","function":"require","line":20,"method":null,"native":false},{"column":1,"file":"/Users/client/Downloads/RTYab/app.js","function":null,"line":8,"method":null,"native":false},{"column":30,"file":"internal/modules/cjs/loader.js","function":"Module._compile","line":688,"method":"_compile","native":false},{"column":10,"file":"internal/modules/cjs/loader.js","function":"Module._extensions..js","line":699,"method":".js","native":false},{"column":32,"file":"internal/modules/cjs/loader.js","function":"Module.load","line":598,"method":"load","native":false},{"column":12,"file":"internal/modules/cjs/loader.js","function":"tryModuleLoad","line":537,"method":null,"native":false},{"column":3,"file":"internal/modules/cjs/loader.js","function":"Module._load","line":529,"method":"_load","native":false}]}
{"message":"Data-Base has connected","level":"info"}
{"message":"Data-Base has connected","level":"info"}
{"message":"Data-Base has connected","level":"info"}
{"message":"Data-Base has connected","level":"info"}
{"message":"Data-Base has connected","level":"info"}
{"message":"Data-Base has connected","level":"info"}
{"message":"Data-Base has connected","level":"info"}
{"message":"Data-Base has connected","level":"info"}
{"message":"Data-Base has connected","level":"info"}
{"message":"Data-Base has connected","level":"info"}
{"message":"Data-Base has connected","level":"info"}
{"message":"Data-Base has connected","level":"info"}
{"message":"Data-Base has connected","level":"info"}
{"message":"Data-Base has connected","level":"info"}
{"message":"Data-Base has connected","level":"info"}
{"message":"Data-Base has connected","level":"info"}
{"message":"Data-Base has connected","level":"info"}
{"message":"Data-Base has connected","level":"info"}
{"message":"Data-Base has connected","level":"info"}
{"message":"Data-Base has connected","level":"info"}
{"message":"Data-Base has connected","level":"info"}
{"message":"Data-Base has connected","level":"info"}
{"message":"Data-Base has connected","level":"info"}
{"message":"Data-Base has connected","level":"info"}
{"message":"Data-Base has connected","level":"info"}
{"message":"Data-Base has connected","level":"info"}
{"message":"Data-Base has connected","level":"info"}
{"message":"Data-Base has connected","level":"info"}
{"message":"Data-Base has connected","level":"info"}
{"message":"Data-Base has connected","level":"info"}
{"message":"Data-Base has connected","level":"info"}
{"message":"Data-Base has connected","level":"info"}
{"message":"Data-Base has connected","level":"info"}
{"message":"Data-Base has connected","level":"info"}
{"message":"Data-Base has connected","level":"info"}
{"message":"Data-Base has connected","level":"info"}
{"message":"uncaughtException: DB connection error => failed to connect to server [localhost:27017] on first connect [MongoNetworkError: connect ECONNREFUSED 127.0.0.1:27017]","level":"error"}
{"message":"Data-Base has connected","level":"info"}
{"message":"Data-Base has connected","level":"info"}
{"message":"Data-Base has connected","level":"info"}
{"message":"Data-Base has connected","level":"info"}
{"message":"Data-Base has connected","level":"info"}
{"message":"Data-Base has connected","level":"info"}
{"message":"Data-Base has connected","level":"info"}
{"message":"Data-Base has connected","level":"info"}
{"message":"Data-Base has connected","level":"info"}
{"message":"Data-Base has connected","level":"info"}
{"message":"uncaughtException: DB connection error => failed to connect to server [localhost:27017] on first connect [MongoNetworkError: connect ECONNREFUSED 127.0.0.1:27017]","level":"error"}
{"message":"uncaughtException: DB connection error => failed to connect to server [localhost:27017] on first connect [MongoNetworkError: connect ECONNREFUSED 127.0.0.1:27017]","level":"error"}
{"message":"uncaughtException: DB connection error => failed to connect to server [localhost:27017] on first connect [MongoNetworkError: connect ECONNREFUSED 127.0.0.1:27017]","level":"error"}
{"message":"uncaughtException: DB connection error => failed to connect to server [localhost:27017] on first connect [MongoNetworkError: connect ECONNREFUSED 127.0.0.1:27017]","level":"error"}
{"message":"uncaughtException: DB connection error => failed to connect to server [localhost:27017] on first connect [MongoNetworkError: connect ECONNREFUSED 127.0.0.1:27017]","level":"error"}
{"message":"uncaughtException: DB connection error => failed to connect to server [localhost:27017] on first connect [MongoNetworkError: connect ECONNREFUSED 127.0.0.1:27017]","level":"error"}
{"message":"uncaughtException: DB connection error => failed to connect to server [localhost:27017] on first connect [MongoNetworkError: connect ECONNREFUSED 127.0.0.1:27017]","level":"error"}
{"message":"uncaughtException: DB connection error => failed to connect to server [localhost:27017] on first connect [MongoNetworkError: connect ECONNREFUSED 127.0.0.1:27017]","level":"error"}
{"message":"uncaughtException: DB connection error => failed to connect to server [localhost:27017] on first connect [MongoNetworkError: connect ECONNREFUSED 127.0.0.1:27017]","level":"error"}
{"message":"uncaughtException: DB connection error => failed to connect to server [localhost:27017] on first connect [MongoNetworkError: connect ECONNREFUSED 127.0.0.1:27017]","level":"error"}
{"message":"uncaughtException: DB connection error => failed to connect to server [localhost:27017] on first connect [MongoNetworkError: connect ECONNREFUSED 127.0.0.1:27017]","level":"error"}
{"message":"uncaughtException: DB connection error => failed to connect to server [localhost:27017] on first connect [MongoNetworkError: connect ECONNREFUSED 127.0.0.1:27017]","level":"error"}
{"message":"uncaughtException: DB connection error => failed to connect to server [localhost:27017] on first connect [MongoNetworkError: connect ECONNREFUSED 127.0.0.1:27017]","level":"error"}
{"message":"Data-Base has connected","level":"info"}
{"message":"Data-Base has connected","level":"info"}
{"message":"Data-Base has connected","level":"info"}
{"message":"Data-Base has connected","level":"info"}
{"message":"Data-Base has connected","level":"info"}
{"message":"Data-Base has connected","level":"info"}
{"message":"Data-Base has connected","level":"info"}
{"message":"Data-Base has connected","level":"info"}
{"message":"Data-Base has connected","level":"info"}
{"message":"Data-Base has connected","level":"info"}
{"message":"Data-Base has connected","level":"info"}
{"message":"Data-Base has connected","level":"info"}
{"message":"Data-Base has connected","level":"info"}
{"message":"Data-Base has connected","level":"info"}
{"message":"Data-Base has connected","level":"info"}
{"message":"Data-Base has connected","level":"info"}
{"message":"Data-Base has connected","level":"info"}
{"message":"Data-Base has connected","level":"info"}
{"message":"Data-Base has connected","level":"info"}
{"message":"Data-Base has connected","level":"info"}
{"message":"Data-Base has connected","level":"info"}
{"message":"Data-Base has connected","level":"info"}
{"message":"Data-Base has connected","level":"info"}
{"message":"Data-Base has connected","level":"info"}
{"message":"Data-Base has connected","level":"info"}
{"message":"Data-Base has connected","level":"info"}
{"message":"Data-Base has connected","level":"info"}
{"message":"Data-Base has connected","level":"info"}
{"message":"Data-Base has connected","level":"info"}
{"message":"Data-Base has connected","level":"info"}
{"message":"Data-Base has connected","level":"info"}
{"message":"Data-Base has connected","level":"info"}
{"message":"Data-Base has connected","level":"info"}
{"message":"Data-Base has connected","level":"info"}
{"message":"Data-Base has connected","level":"info"}
{"message":"Data-Base has connected","level":"info"}
{"message":"Data-Base has connected","level":"info"}
{"message":"Data-Base has connected","level":"info"}
{"message":"Data-Base has connected","level":"info"}
{"message":"Data-Base has connected","level":"info"}
{"message":"Data-Base has connected","level":"info"}
{"message":"Data-Base has connected","level":"info"}
{"error":{},"level":"error","message":"uncaughtException: Cannot read property 'handle' of undefined\nTypeError: Cannot read property 'handle' of undefined\n    at process.on.err (/Users/client/Downloads/RTYab/kickoff/logger/logger.js:13:28)\n    at process.emit (events.js:182:13)\n    at emitPromiseRejectionWarnings (internal/process/promises.js:119:20)\n    at process._tickCallback (internal/process/next_tick.js:69:34)","stack":"TypeError: Cannot read property 'handle' of undefined\n    at process.on.err (/Users/client/Downloads/RTYab/kickoff/logger/logger.js:13:28)\n    at process.emit (events.js:182:13)\n    at emitPromiseRejectionWarnings (internal/process/promises.js:119:20)\n    at process._tickCallback (internal/process/next_tick.js:69:34)","exception":true,"date":"Thu Aug 01 2019 17:36:19 GMT+0430 (Iran Daylight Time)","process":{"pid":5775,"uid":501,"gid":20,"cwd":"/Users/client/Downloads/RTYab","execPath":"/usr/local/bin/node","version":"v10.14.1","argv":["/usr/local/bin/node","/Users/client/Downloads/RTYab/app.js"],"memoryUsage":{"rss":63930368,"heapTotal":60596224,"heapUsed":25870136,"external":18359414}},"os":{"loadavg":[1.8896484375,1.79736328125,1.775390625],"uptime":7928},"trace":[{"column":28,"file":"/Users/client/Downloads/RTYab/kickoff/logger/logger.js","function":"process.on.err","line":13,"method":"err","native":false},{"column":13,"file":"events.js","function":"process.emit","line":182,"method":"emit","native":false},{"column":20,"file":"internal/process/promises.js","function":"emitPromiseRejectionWarnings","line":119,"method":null,"native":false},{"column":34,"file":"internal/process/next_tick.js","function":"process._tickCallback","line":69,"method":"_tickCallback","native":false}]}
{"message":"Data-Base has connected","level":"info"}
{"error":{},"level":"error","message":"uncaughtException: Cannot read property 'handle' of undefined\nTypeError: Cannot read property 'handle' of undefined\n    at process.on.err (/Users/client/Downloads/RTYab/kickoff/logger/logger.js:13:28)\n    at process.emit (events.js:182:13)\n    at emitPromiseRejectionWarnings (internal/process/promises.js:119:20)\n    at process._tickCallback (internal/process/next_tick.js:69:34)","stack":"TypeError: Cannot read property 'handle' of undefined\n    at process.on.err (/Users/client/Downloads/RTYab/kickoff/logger/logger.js:13:28)\n    at process.emit (events.js:182:13)\n    at emitPromiseRejectionWarnings (internal/process/promises.js:119:20)\n    at process._tickCallback (internal/process/next_tick.js:69:34)","exception":true,"date":"Thu Aug 01 2019 17:36:36 GMT+0430 (Iran Daylight Time)","process":{"pid":5793,"uid":501,"gid":20,"cwd":"/Users/client/Downloads/RTYab","execPath":"/usr/local/bin/node","version":"v10.14.1","argv":["/usr/local/bin/node","/Users/client/Downloads/RTYab/app.js"],"memoryUsage":{"rss":63156224,"heapTotal":60596224,"heapUsed":25686040,"external":18359138}},"os":{"loadavg":[2.34521484375,1.89306640625,1.80859375],"uptime":7945},"trace":[{"column":28,"file":"/Users/client/Downloads/RTYab/kickoff/logger/logger.js","function":"process.on.err","line":13,"method":"err","native":false},{"column":13,"file":"events.js","function":"process.emit","line":182,"method":"emit","native":false},{"column":20,"file":"internal/process/promises.js","function":"emitPromiseRejectionWarnings","line":119,"method":null,"native":false},{"column":34,"file":"internal/process/next_tick.js","function":"process._tickCallback","line":69,"method":"_tickCallback","native":false}]}
{"message":"Data-Base has connected","level":"info"}
{"error":{},"level":"error","message":"uncaughtException: Cannot read property 'handle' of undefined\nTypeError: Cannot read property 'handle' of undefined\n    at process.on.err (/Users/client/Downloads/RTYab/kickoff/logger/logger.js:13:28)\n    at process.emit (events.js:182:13)\n    at emitPromiseRejectionWarnings (internal/process/promises.js:119:20)\n    at process._tickCallback (internal/process/next_tick.js:69:34)","stack":"TypeError: Cannot read property 'handle' of undefined\n    at process.on.err (/Users/client/Downloads/RTYab/kickoff/logger/logger.js:13:28)\n    at process.emit (events.js:182:13)\n    at emitPromiseRejectionWarnings (internal/process/promises.js:119:20)\n    at process._tickCallback (internal/process/next_tick.js:69:34)","exception":true,"date":"Thu Aug 01 2019 17:37:36 GMT+0430 (Iran Daylight Time)","process":{"pid":5821,"uid":501,"gid":20,"cwd":"/Users/client/Downloads/RTYab","execPath":"/usr/local/bin/node","version":"v10.14.1","argv":["/usr/local/bin/node","/Users/client/Downloads/RTYab/app.js"],"memoryUsage":{"rss":64073728,"heapTotal":61120512,"heapUsed":25874688,"external":18367330}},"os":{"loadavg":[1.77197265625,1.814453125,1.7841796875],"uptime":8005},"trace":[{"column":28,"file":"/Users/client/Downloads/RTYab/kickoff/logger/logger.js","function":"process.on.err","line":13,"method":"err","native":false},{"column":13,"file":"events.js","function":"process.emit","line":182,"method":"emit","native":false},{"column":20,"file":"internal/process/promises.js","function":"emitPromiseRejectionWarnings","line":119,"method":null,"native":false},{"column":34,"file":"internal/process/next_tick.js","function":"process._tickCallback","line":69,"method":"_tickCallback","native":false}]}
{"message":"Data-Base has connected","level":"info"}
{"message":"Data-Base has connected","level":"info"}
{"message":"Data-Base has connected","level":"info"}
{"message":"Data-Base has connected","level":"info"}
{"message":"Data-Base has connected","level":"info"}
{"message":"Data-Base has connected","level":"info"}
{"message":"Data-Base has connected","level":"info"}
{"message":"Data-Base has connected","level":"info"}
{"message":"Data-Base has connected","level":"info"}
{"message":"Data-Base has connected","level":"info"}
{"message":"Data-Base has connected","level":"info"}
{"message":"Data-Base has connected","level":"info"}
{"message":"Data-Base has connected","level":"info"}
{"message":"Data-Base has connected","level":"info"}
{"message":"Data-Base has connected","level":"info"}
{"message":"Data-Base has connected","level":"info"}
{"message":"Data-Base has connected","level":"info"}
{"message":"Data-Base has connected","level":"info"}
{"message":"Data-Base has connected","level":"info"}
{"message":"Data-Base has connected","level":"info"}
{"message":"Data-Base has connected","level":"info"}
{"message":"Data-Base has connected","level":"info"}
{"message":"Data-Base has connected","level":"info"}
{"message":"Data-Base has connected","level":"info"}
{"message":"Data-Base has connected","level":"info"}
{"message":"Data-Base has connected","level":"info"}
{"message":"Data-Base has connected","level":"info"}
{"message":"Data-Base has connected","level":"info"}
{"message":"Data-Base has connected","level":"info"}
{"message":"Data-Base has connected","level":"info"}
{"message":"Data-Base has connected","level":"info"}
{"message":"Data-Base has connected","level":"info"}
{"message":"Data-Base has connected","level":"info"}
{"message":"Data-Base has connected","level":"info"}
{"message":"Data-Base has connected","level":"info"}
{"message":"Data-Base has connected","level":"info"}
{"message":"Data-Base has connected","level":"info"}
{"message":"Data-Base has connected","level":"info"}
{"message":"Data-Base has connected","level":"info"}
{"message":"Data-Base has connected","level":"info"}
{"message":"Data-Base has connected","level":"info"}
{"message":"Data-Base has connected","level":"info"}
{"message":"Data-Base has connected","level":"info"}
{"message":"Data-Base has connected","level":"info"}
{"message":"Data-Base has connected","level":"info"}
{"message":"Data-Base has connected","level":"info"}
{"message":"Data-Base has connected","level":"info"}
{"error":{},"level":"error","message":"uncaughtException: Cannot read property 'handle' of undefined\nTypeError: Cannot read property 'handle' of undefined\n    at process.on.err (/Users/client/Downloads/RTYab/kickoff/logger/logger.js:13:28)\n    at process.emit (events.js:182:13)\n    at emitPromiseRejectionWarnings (internal/process/promises.js:119:20)\n    at process._tickCallback (internal/process/next_tick.js:69:34)","stack":"TypeError: Cannot read property 'handle' of undefined\n    at process.on.err (/Users/client/Downloads/RTYab/kickoff/logger/logger.js:13:28)\n    at process.emit (events.js:182:13)\n    at emitPromiseRejectionWarnings (internal/process/promises.js:119:20)\n    at process._tickCallback (internal/process/next_tick.js:69:34)","exception":true,"date":"Thu Aug 01 2019 20:36:21 GMT+0430 (Iran Daylight Time)","process":{"pid":1921,"uid":501,"gid":20,"cwd":"/Users/client/Downloads/RTYab","execPath":"/usr/local/bin/node","version":"v10.14.1","argv":["/usr/local/bin/node","/Users/client/Downloads/RTYab/app.js","dev"],"memoryUsage":{"rss":49340416,"heapTotal":30711808,"heapUsed":25212664,"external":18340054}},"os":{"loadavg":[1.6181640625,2.9619140625,2.123046875],"uptime":495},"trace":[{"column":28,"file":"/Users/client/Downloads/RTYab/kickoff/logger/logger.js","function":"process.on.err","line":13,"method":"err","native":false},{"column":13,"file":"events.js","function":"process.emit","line":182,"method":"emit","native":false},{"column":20,"file":"internal/process/promises.js","function":"emitPromiseRejectionWarnings","line":119,"method":null,"native":false},{"column":34,"file":"internal/process/next_tick.js","function":"process._tickCallback","line":69,"method":"_tickCallback","native":false}]}
{"message":"Data-Base has connected","level":"info"}
{"error":{},"level":"error","message":"uncaughtException: Cannot read property 'handle' of undefined\nTypeError: Cannot read property 'handle' of undefined\n    at process.on.err (/Users/client/Downloads/RTYab/kickoff/logger/logger.js:13:28)\n    at process.emit (events.js:182:13)\n    at emitPromiseRejectionWarnings (internal/process/promises.js:119:20)\n    at process._tickCallback (internal/process/next_tick.js:69:34)","stack":"TypeError: Cannot read property 'handle' of undefined\n    at process.on.err (/Users/client/Downloads/RTYab/kickoff/logger/logger.js:13:28)\n    at process.emit (events.js:182:13)\n    at emitPromiseRejectionWarnings (internal/process/promises.js:119:20)\n    at process._tickCallback (internal/process/next_tick.js:69:34)","exception":true,"date":"Thu Aug 01 2019 20:36:53 GMT+0430 (Iran Daylight Time)","process":{"pid":2070,"uid":501,"gid":20,"cwd":"/Users/client/Downloads/RTYab","execPath":"/usr/local/bin/node","version":"v10.14.1","argv":["/usr/local/bin/node","/Users/client/Downloads/RTYab/app.js"],"memoryUsage":{"rss":63377408,"heapTotal":61120512,"heapUsed":26322200,"external":18368387}},"os":{"loadavg":[1.658203125,2.82275390625,2.1044921875],"uptime":527},"trace":[{"column":28,"file":"/Users/client/Downloads/RTYab/kickoff/logger/logger.js","function":"process.on.err","line":13,"method":"err","native":false},{"column":13,"file":"events.js","function":"process.emit","line":182,"method":"emit","native":false},{"column":20,"file":"internal/process/promises.js","function":"emitPromiseRejectionWarnings","line":119,"method":null,"native":false},{"column":34,"file":"internal/process/next_tick.js","function":"process._tickCallback","line":69,"method":"_tickCallback","native":false}]}
{"message":"Data-Base has connected","level":"info"}
{"error":{},"level":"error","message":"uncaughtException: Cannot read property 'handle' of undefined\nTypeError: Cannot read property 'handle' of undefined\n    at process.on.err (/Users/client/Downloads/RTYab/kickoff/logger/logger.js:13:28)\n    at process.emit (events.js:182:13)\n    at emitPromiseRejectionWarnings (internal/process/promises.js:119:20)\n    at process._tickCallback (internal/process/next_tick.js:69:34)","stack":"TypeError: Cannot read property 'handle' of undefined\n    at process.on.err (/Users/client/Downloads/RTYab/kickoff/logger/logger.js:13:28)\n    at process.emit (events.js:182:13)\n    at emitPromiseRejectionWarnings (internal/process/promises.js:119:20)\n    at process._tickCallback (internal/process/next_tick.js:69:34)","exception":true,"date":"Thu Aug 01 2019 20:39:50 GMT+0430 (Iran Daylight Time)","process":{"pid":2203,"uid":501,"gid":20,"cwd":"/Users/client/Downloads/RTYab","execPath":"/usr/local/bin/node","version":"v10.14.1","argv":["/usr/local/bin/node","/Users/client/Downloads/RTYab/app.js"],"memoryUsage":{"rss":63975424,"heapTotal":61644800,"heapUsed":26392768,"external":18368663}},"os":{"loadavg":[2.42626953125,2.7373046875,2.203125],"uptime":704},"trace":[{"column":28,"file":"/Users/client/Downloads/RTYab/kickoff/logger/logger.js","function":"process.on.err","line":13,"method":"err","native":false},{"column":13,"file":"events.js","function":"process.emit","line":182,"method":"emit","native":false},{"column":20,"file":"internal/process/promises.js","function":"emitPromiseRejectionWarnings","line":119,"method":null,"native":false},{"column":34,"file":"internal/process/next_tick.js","function":"process._tickCallback","line":69,"method":"_tickCallback","native":false}]}
{"message":"Data-Base has connected","level":"info"}
{"message":"Data-Base has connected","level":"info"}
{"message":"Data-Base has connected","level":"info"}
{"message":"Data-Base has connected","level":"info"}
{"message":"Data-Base has connected","level":"info"}
{"message":"Data-Base has connected","level":"info"}
{"message":"Data-Base has connected","level":"info"}
{"message":"Data-Base has connected","level":"info"}
{"message":"Data-Base has connected","level":"info"}
{"message":"Data-Base has connected","level":"info"}
{"message":"Data-Base has connected","level":"info"}
{"message":"Data-Base has connected","level":"info"}
{"message":"Data-Base has connected","level":"info"}
{"message":"Data-Base has connected","level":"info"}
{"message":"Data-Base has connected","level":"info"}
{"message":"Data-Base has connected","level":"info"}
{"message":"Data-Base has connected","level":"info"}
{"message":"Data-Base has connected","level":"info"}
{"message":"Data-Base has connected","level":"info"}
{"message":"Data-Base has connected","level":"info"}
{"message":"Data-Base has connected","level":"info"}
{"message":"Data-Base has connected","level":"info"}
{"message":"Data-Base has connected","level":"info"}
{"message":"Data-Base has connected","level":"info"}
{"message":"Data-Base has connected","level":"info"}
{"message":"Data-Base has connected","level":"info"}
{"message":"Data-Base has connected","level":"info"}
{"message":"Data-Base has connected","level":"info"}
{"message":"Data-Base has connected","level":"info"}
{"message":"Data-Base has connected","level":"info"}
{"message":"Data-Base has connected","level":"info"}
{"message":"Data-Base has connected","level":"info"}
{"message":"Data-Base has connected","level":"info"}
{"message":"Data-Base has connected","level":"info"}
{"message":"Data-Base has connected","level":"info"}
{"message":"Data-Base has connected","level":"info"}
{"message":"Data-Base has connected","level":"info"}
{"message":"Data-Base has connected","level":"info"}
{"error":{},"level":"error","message":"uncaughtException: Cannot read property 'handle' of undefined\nTypeError: Cannot read property 'handle' of undefined\n    at process.on.err (/Users/client/Downloads/RTYab/kickoff/logger/logger.js:13:28)\n    at process.emit (events.js:182:13)\n    at emitPromiseRejectionWarnings (internal/process/promises.js:119:20)\n    at process._tickCallback (internal/process/next_tick.js:69:34)","stack":"TypeError: Cannot read property 'handle' of undefined\n    at process.on.err (/Users/client/Downloads/RTYab/kickoff/logger/logger.js:13:28)\n    at process.emit (events.js:182:13)\n    at emitPromiseRejectionWarnings (internal/process/promises.js:119:20)\n    at process._tickCallback (internal/process/next_tick.js:69:34)","exception":true,"date":"Thu Aug 01 2019 23:07:40 GMT+0430 (Iran Daylight Time)","process":{"pid":5977,"uid":501,"gid":20,"cwd":"/Users/client/Downloads/RTYab","execPath":"/usr/local/bin/node","version":"v10.14.1","argv":["/usr/local/bin/node","/Users/client/Downloads/RTYab/app.js"],"memoryUsage":{"rss":49647616,"heapTotal":30711808,"heapUsed":25732184,"external":18271880}},"os":{"loadavg":[1.60205078125,1.533203125,1.67333984375],"uptime":9573},"trace":[{"column":28,"file":"/Users/client/Downloads/RTYab/kickoff/logger/logger.js","function":"process.on.err","line":13,"method":"err","native":false},{"column":13,"file":"events.js","function":"process.emit","line":182,"method":"emit","native":false},{"column":20,"file":"internal/process/promises.js","function":"emitPromiseRejectionWarnings","line":119,"method":null,"native":false},{"column":34,"file":"internal/process/next_tick.js","function":"process._tickCallback","line":69,"method":"_tickCallback","native":false}]}
{"message":"Data-Base has connected","level":"info"}
{"error":{},"level":"error","message":"uncaughtException: Cannot read property 'handle' of undefined\nTypeError: Cannot read property 'handle' of undefined\n    at process.on.err (/Users/client/Downloads/RTYab/kickoff/logger/logger.js:13:28)\n    at process.emit (events.js:182:13)\n    at emitPromiseRejectionWarnings (internal/process/promises.js:119:20)\n    at process._tickCallback (internal/process/next_tick.js:69:34)","stack":"TypeError: Cannot read property 'handle' of undefined\n    at process.on.err (/Users/client/Downloads/RTYab/kickoff/logger/logger.js:13:28)\n    at process.emit (events.js:182:13)\n    at emitPromiseRejectionWarnings (internal/process/promises.js:119:20)\n    at process._tickCallback (internal/process/next_tick.js:69:34)","exception":true,"date":"Thu Aug 01 2019 23:11:05 GMT+0430 (Iran Daylight Time)","process":{"pid":6074,"uid":501,"gid":20,"cwd":"/Users/client/Downloads/RTYab","execPath":"/usr/local/bin/node","version":"v10.14.1","argv":["/usr/local/bin/node","/Users/client/Downloads/RTYab/app.js"],"memoryUsage":{"rss":63983616,"heapTotal":61644800,"heapUsed":26921232,"external":18376672}},"os":{"loadavg":[3.73046875,2.1669921875,1.88134765625],"uptime":9778},"trace":[{"column":28,"file":"/Users/client/Downloads/RTYab/kickoff/logger/logger.js","function":"process.on.err","line":13,"method":"err","native":false},{"column":13,"file":"events.js","function":"process.emit","line":182,"method":"emit","native":false},{"column":20,"file":"internal/process/promises.js","function":"emitPromiseRejectionWarnings","line":119,"method":null,"native":false},{"column":34,"file":"internal/process/next_tick.js","function":"process._tickCallback","line":69,"method":"_tickCallback","native":false}]}
{"message":"Data-Base has connected","level":"info"}
{"error":{},"level":"error","message":"uncaughtException: Cannot read property 'handle' of undefined\nTypeError: Cannot read property 'handle' of undefined\n    at process.on.err (/Users/client/Downloads/RTYab/kickoff/logger/logger.js:13:28)\n    at process.emit (events.js:182:13)\n    at emitPromiseRejectionWarnings (internal/process/promises.js:119:20)\n    at process._tickCallback (internal/process/next_tick.js:69:34)","stack":"TypeError: Cannot read property 'handle' of undefined\n    at process.on.err (/Users/client/Downloads/RTYab/kickoff/logger/logger.js:13:28)\n    at process.emit (events.js:182:13)\n    at emitPromiseRejectionWarnings (internal/process/promises.js:119:20)\n    at process._tickCallback (internal/process/next_tick.js:69:34)","exception":true,"date":"Thu Aug 01 2019 23:13:18 GMT+0430 (Iran Daylight Time)","process":{"pid":6128,"uid":501,"gid":20,"cwd":"/Users/client/Downloads/RTYab","execPath":"/usr/local/bin/node","version":"v10.14.1","argv":["/usr/local/bin/node","/Users/client/Downloads/RTYab/app.js"],"memoryUsage":{"rss":63737856,"heapTotal":61120512,"heapUsed":27003800,"external":18368480}},"os":{"loadavg":[2.34912109375,2.1123046875,1.89404296875],"uptime":9911},"trace":[{"column":28,"file":"/Users/client/Downloads/RTYab/kickoff/logger/logger.js","function":"process.on.err","line":13,"method":"err","native":false},{"column":13,"file":"events.js","function":"process.emit","line":182,"method":"emit","native":false},{"column":20,"file":"internal/process/promises.js","function":"emitPromiseRejectionWarnings","line":119,"method":null,"native":false},{"column":34,"file":"internal/process/next_tick.js","function":"process._tickCallback","line":69,"method":"_tickCallback","native":false}]}
{"message":"Data-Base has connected","level":"info"}
{"message":"Data-Base has connected","level":"info"}
{"error":{},"level":"error","message":"uncaughtException: Cannot read property 'handle' of undefined\nTypeError: Cannot read property 'handle' of undefined\n    at process.on.err (/Users/client/Downloads/RTYab/kickoff/logger/logger.js:13:28)\n    at process.emit (events.js:182:13)\n    at emitPromiseRejectionWarnings (internal/process/promises.js:119:20)\n    at process._tickCallback (internal/process/next_tick.js:69:34)","stack":"TypeError: Cannot read property 'handle' of undefined\n    at process.on.err (/Users/client/Downloads/RTYab/kickoff/logger/logger.js:13:28)\n    at process.emit (events.js:182:13)\n    at emitPromiseRejectionWarnings (internal/process/promises.js:119:20)\n    at process._tickCallback (internal/process/next_tick.js:69:34)","exception":true,"date":"Thu Aug 01 2019 23:23:42 GMT+0430 (Iran Daylight Time)","process":{"pid":6222,"uid":501,"gid":20,"cwd":"/Users/client/Downloads/RTYab","execPath":"/usr/local/bin/node","version":"v10.14.1","argv":["/usr/local/bin/node","/Users/client/Downloads/RTYab/app.js"],"memoryUsage":{"rss":51748864,"heapTotal":32284672,"heapUsed":26774136,"external":18270961}},"os":{"loadavg":[1.30810546875,1.6689453125,1.7587890625],"uptime":10535},"trace":[{"column":28,"file":"/Users/client/Downloads/RTYab/kickoff/logger/logger.js","function":"process.on.err","line":13,"method":"err","native":false},{"column":13,"file":"events.js","function":"process.emit","line":182,"method":"emit","native":false},{"column":20,"file":"internal/process/promises.js","function":"emitPromiseRejectionWarnings","line":119,"method":null,"native":false},{"column":34,"file":"internal/process/next_tick.js","function":"process._tickCallback","line":69,"method":"_tickCallback","native":false}]}
{"message":"Data-Base has connected","level":"info"}
{"message":"Data-Base has connected","level":"info"}
{"message":"Data-Base has connected","level":"info"}
{"message":"Data-Base has connected","level":"info"}
{"message":"Data-Base has connected","level":"info"}
{"message":"Data-Base has connected","level":"info"}
{"message":"Data-Base has connected","level":"info"}
{"message":"Data-Base has connected","level":"info"}
{"message":"Data-Base has connected","level":"info"}
{"message":"Data-Base has connected","level":"info"}
{"message":"Data-Base has connected","level":"info"}
{"message":"Data-Base has connected","level":"info"}
{"message":"Data-Base has connected","level":"info"}
{"message":"Data-Base has connected","level":"info"}
{"message":"Data-Base has connected","level":"info"}
{"message":"Data-Base has connected","level":"info"}
{"message":"Data-Base has connected","level":"info"}
{"message":"Data-Base has connected","level":"info"}
{"message":"Data-Base has connected","level":"info"}
{"message":"Data-Base has connected","level":"info"}
{"message":"Data-Base has connected","level":"info"}
{"message":"Data-Base has connected","level":"info"}
{"message":"Data-Base has connected","level":"info"}
{"message":"Data-Base has connected","level":"info"}
{"message":"Data-Base has connected","level":"info"}
{"message":"Data-Base has connected","level":"info"}
{"message":"Data-Base has connected","level":"info"}
{"message":"Data-Base has connected","level":"info"}
{"message":"Data-Base has connected","level":"info"}
{"message":"Data-Base has connected","level":"info"}
{"message":"Data-Base has connected","level":"info"}
{"message":"Data-Base has connected","level":"info"}
{"message":"Data-Base has connected","level":"info"}
{"message":"Data-Base has connected","level":"info"}
{"message":"Data-Base has connected","level":"info"}
{"message":"Data-Base has connected","level":"info"}
{"message":"Data-Base has connected","level":"info"}
{"message":"Data-Base has connected","level":"info"}
{"message":"Data-Base has connected","level":"info"}
{"message":"Data-Base has connected","level":"info"}
{"message":"Data-Base has connected","level":"info"}
{"message":"Data-Base has connected","level":"info"}
{"message":"Data-Base has connected","level":"info"}
{"message":"Data-Base has connected","level":"info"}
